2025-04-06 14:31:22,187 - pyswarms.single.global_best - INFO - Optimize for 50 iters with {'c1': 0.5, 'c2': 0.3, 'w': 0.9}
2025-04-06 14:31:31,907 - pyswarms.single.global_best - INFO - Optimization finished | best cost: 33039636.96609382, best pos: [-3.40102161e+00 -1.52157185e+00 -3.21977811e+00  3.46971708e+00
 -3.80668434e+00  6.33240178e-01  1.24577854e+01  8.62762240e-01
  3.04394659e+00  3.16960663e+00  2.50468136e+00 -4.83877637e+00
  1.63857905e+01  5.15056868e+00  1.61305291e+00  1.50258599e+01
  3.09382765e+00  1.01643630e-01 -1.45626925e+01  1.05462786e+00
  1.15164938e+00  5.30077502e+00 -1.64137847e+00  6.02668890e-01
 -1.53077298e+00 -3.27813926e+00 -5.20627179e+00  5.55989017e-01
 -3.29395557e+00 -5.07887202e+00  1.58348961e+00 -1.39419805e+00
  7.00573257e-02 -6.51294841e+00  5.24835472e+00 -9.11344566e+00
 -2.80838243e+00 -4.04793072e+00  1.08666203e+00  1.35104551e+00
 -4.18949198e+00  5.19134597e+00 -1.42726953e+00  8.44683782e+00
 -2.00274765e+00 -4.40150934e+00  2.43367679e+00  3.16700085e+00
 -5.45163185e-01  3.68491874e+00 -1.04301094e+01 -2.76696045e+00
  2.98648325e+00 -4.59515503e-01 -1.52241731e+01  4.23237151e+00
  1.45464068e+00 -1.38855098e+00  1.63670427e+00  9.37197284e-01
  6.00632088e-01 -4.18431316e+00  1.13491623e+00  3.24117030e+00
  6.24479520e+00 -5.14147206e+00  5.07855369e-01  2.54699337e+00
 -8.34037699e+00 -5.85307792e+00  3.77577596e+00 -1.16791216e+00
 -1.66821060e+00 -1.23477391e+00  1.78393586e+00 -1.57124004e+00
  3.18179086e+00 -3.46605940e+00 -8.17939525e+00 -2.17151594e+00
  1.07320349e+00  8.54529053e+00  4.79926386e-01  2.35859896e+00
 -3.07259502e+00  5.35901293e+00 -5.36628360e+00 -8.22900311e+00
  5.32798251e-01 -1.63618153e+00  1.03316801e+01 -7.33633092e+00
 -1.88488945e+00  1.33830220e+00  1.79995926e+00  4.97115655e+00
 -5.07538395e+00  2.12579682e-01  2.11830973e+00 -8.07413629e-01
 -3.20307236e+00 -2.52840017e+00  3.94518482e+00  1.90434238e+00
  1.01474306e+00  4.41082067e-01  7.61155063e-01  7.18486144e-01
  2.63149579e+00 -5.54122609e+00  2.10959765e+00 -4.75445975e+00
  1.02752174e+00 -5.68579861e+00  2.16166215e+00  2.56407730e+00
  4.67555991e+00  2.93965195e+00 -2.50783292e+00 -2.57350277e+00
  1.10805876e+01 -6.19358348e+00  2.88132984e+00 -7.74773653e-01
  1.04359552e-01  4.08187544e-01 -5.45038232e+00  3.12363920e+00
  4.50509703e+00 -2.81385963e+00 -1.26951471e+01  1.39933823e+00
  4.77088428e+00  3.38776244e+00 -6.36162794e+00  8.38203386e+00
  5.99231559e+00  4.16121310e+00  4.20644238e+00  3.49270639e+00
 -3.80251548e+00 -1.40878723e+01  1.36745873e+00  5.42174894e+00
 -6.71604595e+00  7.17362360e+00  3.00211959e+00 -5.58260684e+00
 -3.69739428e+00  4.13670182e+00  5.67957718e+00  2.76316527e-01
 -8.93133803e+00 -3.02090547e+00 -1.26723782e+00 -4.23821812e+00
 -1.58548748e+00  2.26626714e+00  2.93965330e+00 -8.37872944e+00
 -3.44337738e+00  4.06528723e+00  3.45467145e+00 -2.89155737e+00
  4.52914942e+00  2.61052165e+00 -3.32779724e+00 -6.10302140e+00
  6.97029115e+00 -7.51952267e+00  8.32881583e+00  3.23848398e+00
  3.78097070e+00  2.49424639e+00 -8.40808343e+00 -1.34730415e+00
 -3.83707230e+00  3.44001713e+00  2.35009746e+00  4.28491217e+00
 -5.56802976e+00 -2.93136995e+00  4.48932134e+00 -3.16001064e+00
 -7.15399310e+00 -3.08314061e-02  1.16539647e+00  1.02849486e+01
 -2.63456981e+00 -5.04227232e+00  2.65941854e+00  2.22718574e+00
 -6.92474025e+00 -8.66496631e+00 -3.48258303e+00 -2.38713847e+00
 -3.25034703e+00 -3.31456082e+00  3.01923666e+00  5.56097124e+00
 -2.27448248e+00 -2.25025574e+01 -6.42486618e+00 -5.24828291e+00
  1.01784944e-01 -6.04880415e-01  7.39954052e+00  1.17295527e+01
 -6.90151968e+00  2.49844140e+00  5.98139452e+00  7.36263830e+00
 -5.94162401e-01  6.62214960e-01  9.90502820e-01  5.22077248e+00
  4.95551242e+00  3.35551726e+00 -5.80908028e+00  9.03522894e+00
 -7.79167074e+00 -5.54144380e+00 -2.03648179e+00  1.61518389e+00
  3.99888029e+00 -9.91595801e+00 -4.00957584e+00  3.40035850e-01
  2.78692344e+00 -5.36953425e+00  3.41976087e+00  1.22288334e+01
  2.62455962e+00 -2.83466332e+00  9.13075177e-02 -2.46442969e+00
  1.07763230e+01  1.69998736e+00  4.93476795e+00  2.37224934e-01
  6.36148214e+00 -5.91201740e+00 -7.41106724e+00 -2.19561926e+00
  4.78736093e-01 -5.70866417e+00 -3.54562147e+00  1.55696398e+00
 -7.54953638e+00  8.34316638e-01  1.01562976e+01  1.71733785e+00
  6.84668814e+00 -6.47645339e-01 -3.20616441e+00 -4.41259593e+00
 -2.12917499e+00  3.76920219e+00 -4.44400049e+00  3.66725591e-01
 -3.68058556e+00  7.34294691e+00 -3.13819086e+00  3.74200825e+00
 -4.92877024e+00  2.77951501e+00 -5.20283843e-01 -1.79779957e+00
 -6.66570787e+00 -3.10693039e+00  6.79439297e-01 -2.18908642e+00
  1.82012665e+00  1.06411380e+00 -7.46573668e+00 -8.87323081e-01
  6.61753408e-02 -8.23215767e-01  1.85574388e+00  7.43480017e+00
  4.12890512e+00 -5.74055493e+00  3.68686326e+00  1.14444285e+00
  5.02126092e+00 -1.65663469e+00 -1.86627202e-01 -4.65408808e+00
 -9.50115221e-01  2.38956521e+00  2.06054518e+00 -3.88395811e+00
 -6.48327585e-01  1.45045535e+00  3.14502527e-01 -4.02180833e+00
  2.63385352e+00 -1.71872400e+00  4.52783210e+00  1.94218570e+00
 -6.13433908e+00  7.14977288e+01 -4.38826990e+00  6.31812846e-01
 -3.29821539e-01  1.33447179e+00  9.09670396e-01  2.34961963e+00
  9.74010794e-01 -9.90550172e+00 -7.06415032e-02  3.20223437e+00
  7.39937915e+00 -5.23222212e-01  4.69640539e+00  4.14954812e+00
 -1.08798121e+01  7.95879324e+00  6.65636942e+00 -2.45225656e+00
  1.53485964e+00  7.75495515e-01 -3.01081953e+00  4.96038206e+00
 -6.46169507e+00 -3.59625554e+00 -2.36251214e+00  1.80457656e+00
  3.79158805e+00 -8.98514590e+00  4.21781033e+00 -1.08446779e-01
 -3.29522811e+00 -1.51292695e+00 -3.63724027e-02 -3.77742957e+00
 -4.87697456e+00 -2.81996028e+00 -3.49410022e+00 -1.36418404e+00
 -1.07454065e+00  5.12459154e+00 -2.54249333e-01  3.09817523e+00
 -4.55063341e+00 -5.84984937e+00  1.45670807e+00 -1.17926071e+01
  2.69925728e+00  5.81447241e-01  9.52908150e+00 -1.81745511e+00
 -9.19566773e+00  2.04077982e+00  2.10355782e+00 -8.47909251e+00
  6.63992950e+00  3.38939191e+00  2.79333407e+00 -9.91162566e+00
  4.31245628e+00  9.43619481e+00  8.19403861e-01  3.47908310e+00
 -1.87371497e+00  2.08535471e+00 -2.83118604e+00 -5.96477791e-02
 -6.98842267e+00  1.35503926e+00  2.44335275e+00  4.43507340e-01
  3.10243801e+00 -1.61212666e+00  7.19861736e+00 -6.43406303e+00
  4.60870237e+00 -2.14530188e+00  5.79352170e+00  5.21316492e+00
  8.18174032e+00  1.58460108e+00 -7.29448376e+00 -1.08140860e+01
  8.40570874e+00  2.18425906e+00 -1.43908033e+00  6.99606368e+00
  4.34626917e+00 -9.65222242e-01  5.96363254e-02 -1.89972322e-01
 -8.80565318e-01 -1.37210973e+00 -3.16989557e+00 -8.59186580e-01
  2.32726794e-01 -3.84782029e+00  4.69835324e+00 -1.69788344e+00]
