2025-04-06 14:10:01,104 - pyswarms.single.global_best - INFO - Optimize for 100 iters with {'c1': 0.5, 'c2': 0.3, 'w': 0.9}
2025-04-06 14:10:01,847 - pyswarms.single.global_best - INFO - Optimization finished | best cost: 628373362.6795825, best pos: [  4.47855888   6.15945587   7.35543096  23.94237065  -5.22206298
   6.64877022   2.86945804   9.8556109   10.17062972  11.49483698
   8.6732444    4.75748367  14.89146742   4.80953313   9.23540049
   3.41516536   0.49513235   4.84844887   6.92407542  13.17359691
   8.79704159  -2.43846663   9.06382263 396.28725533   6.18749677
  10.45026609  -3.28037914   0.96965019  16.73817372   6.84391629
  -1.63079678  11.28009846   9.03330537  -0.46691337  -6.8891985
   6.31031698  -1.59172204  -1.5380646    0.45181392  -1.13098019
   9.26064064   5.32216086   5.38871607   5.81534776   1.16618523
  -0.55906211   5.66285009  10.00013033  14.64750355   7.87987497
   6.03009959  -1.27468773   4.76074985   6.03013296  13.01981183
   2.70200775  16.95110665   7.86309616   6.52534368   9.59207133]
2025-04-06 15:15:02,420 - pyswarms.single.global_best - INFO - Optimize for 100 iters with {'c1': 1.5, 'c2': 1.5, 'w': 0.7}
2025-04-06 15:15:05,167 - pyswarms.single.global_best - INFO - Optimization finished | best cost: 35.937376529116456, best pos: [ 0.04734684  0.87535964  0.16986035  0.36030183  0.64634492 -0.2921219
  0.72118378  0.17835576  0.39641396 -0.10066761  0.20486222  0.26771091
 -0.34644357  0.8478668   0.25762745 -0.17461277  0.37200476  0.61359424
  0.58930448  0.27726076  0.03908381  0.41978462  0.04825541 -0.02732026
 -0.04672992  0.07555832  0.47203422  0.53496498  0.58508598  0.69840265
  0.00590695  0.0154678   0.03504208 -0.02306595 -0.03616985 -0.01869651
  0.00822566 -0.01039994 -0.00908869  0.02879409 -0.43374565  0.34658006
  0.48016706  0.50526597  0.14723174  0.1162668   0.2512325  -0.2000501
 -0.02199116  0.35637927]
2025-04-06 15:17:06,167 - pyswarms.single.global_best - INFO - Optimize for 100 iters with {'c1': 1.5, 'c2': 1.5, 'w': 0.7}
2025-04-06 15:17:08,664 - pyswarms.single.global_best - INFO - Optimization finished | best cost: 285032.19163539517, best pos: [-19.25310627  -6.94518475  -6.19237213 -36.45693193   3.58276502
  -0.04515644  22.55640662   0.64311652 -15.08967417  23.75009161]
